Arguments: 
  C:\Program Files\nodejs\node.exe C:\Users\LENOVO\AppData\Roaming\npm\node_modules\yarn\bin\yarn.js init

PATH: 
  C:\Program Files\Microsoft\jdk-11.0.16.101-hotspot\bin;C:\Windows\system32;C:\Windows;C:\Windows\System32\Wbem;C:\Windows\System32\WindowsPowerShell\v1.0\;C:\Windows\System32\OpenSSH\;C:\Program Files\Intel\WiFi\bin\;C:\Program Files\Common Files\Intel\WirelessCommon\;C:\Program Files\dotnet\;C:\Program Files\Git\cmd;C:\Program Files\Microsoft SQL Server\150\Tools\Binn\;C:\Program Files\Microsoft SQL Server\Client SDK\ODBC\170\Tools\Binn\;C:\Program Files (x86)\Microsoft SQL Server\160\DTS\Binn\;C:\Program Files\Azure Data Studio\bin;C:\Program Files\nodejs\;C:\Users\LENOVO\AppData\Local\Programs\Python\Python311\Scripts\;C:\Users\LENOVO\AppData\Local\Programs\Python\Python311\;C:\Users\LENOVO\AppData\Local\Microsoft\WindowsApps;C:\Users\LENOVO\AppData\Local\Programs\Microsoft VS Code\bin;C:\Program Files\JetBrains\IntelliJ IDEA 2022.2.3\bin;;C:\FFmpeg\bin;C:\Users\LENOVO\AppData\Local\GitHubDesktop\bin;C:\Users\LENOVO\.dotnet\tools;C:\Program Files\Azure Data Studio\bin;C:\Users\LENOVO\AppData\Roaming\npm

Yarn version: 
  1.22.19

Node version: 
  18.17.1

Platform: 
  win32 x64

Trace: 
  SyntaxError: C:\Users\LENOVO\Desktop\SERVER\package.json: Unexpected end of JSON input
      at JSON.parse (<anonymous>)
      at C:\Users\LENOVO\AppData\Roaming\npm\node_modules\yarn\lib\cli.js:1629:59
      at Generator.next (<anonymous>)
      at step (C:\Users\LENOVO\AppData\Roaming\npm\node_modules\yarn\lib\cli.js:310:30)
      at C:\Users\LENOVO\AppData\Roaming\npm\node_modules\yarn\lib\cli.js:321:13

npm manifest: 
  

yarn manifest: 
  No manifest

Lockfile: 
  No lockfile
